<?xml version="1.0" encoding="UTF-8"?>
<!-- Generated by org.testng.reporters.JUnitXMLReporter -->
<testsuite ignored="0" hostname="Vikram" failures="0" tests="3" name="Default test" time="7.909" errors="0" timestamp="2026-04-24T17:42:27 IST">
  <testcase classname="tests.LoginTest" name="openWebsiteTest" time="0.018"/>
  <testcase classname="tests.LoginTest" name="verifyTitle" time="0.031"/>
  <testcase classname="tests.LoginTest" name="verifyURL" time="0.038"/>
</testsuite> <!-- Default test -->
