<?xml version="1.0" encoding="UTF-8"?>
<!-- Generated by org.testng.reporters.JUnitXMLReporter -->
<testsuite ignored="0" hostname="Vikram" failures="0" tests="3" name="Login Tests" time="6.371" errors="0" timestamp="2026-04-24T17:43:05 IST">
  <testcase classname="tests.LoginTest" name="openWebsiteTest" time="0.074"/>
  <testcase classname="tests.LoginTest" name="verifyTitle" time="0.03"/>
  <testcase classname="tests.LoginTest" name="verifyURL" time="0.056"/>
</testsuite> <!-- Login Tests -->
