<?xml version="1.0" encoding="UTF-8"?>
<testng-results ignored="0" total="3" passed="3" failed="0" skipped="0">
  <reporter-output>
  </reporter-output>
  <suite started-at="2026-04-28T22:48:17 IST" name="Default suite" finished-at="2026-04-28T22:48:26 IST" duration-ms="9369">
    <groups>
    </groups>
    <test started-at="2026-04-28T22:48:17 IST" name="Default test" finished-at="2026-04-28T22:48:26 IST" duration-ms="9369">
      <class name="tests.LoginTest">
        <test-method is-config="true" signature="setup()[pri:0, instance:tests.LoginTest@1a451d4d]" started-at="2026-04-28T22:48:17 IST" name="setup" finished-at="2026-04-28T22:48:20 IST" duration-ms="3249" status="PASS">
          <reporter-output>
          </reporter-output>
        </test-method> <!-- setup -->
        <test-method signature="loginTest(java.lang.String,java.lang.String)[pri:0, instance:tests.LoginTest@1a451d4d]" started-at="2026-04-28T22:48:20 IST" name="loginTest" data-provider="loginData" finished-at="2026-04-28T22:48:20 IST" duration-ms="686" status="PASS">
          <params>
            <param index="0">
              <value>
                <![CDATA[standard_user]]>
              </value>
            </param>
            <param index="1">
              <value>
                <![CDATA[secret_sauce]]>
              </value>
            </param>
          </params>
          <reporter-output>
          </reporter-output>
        </test-method> <!-- loginTest -->
        <test-method is-config="true" signature="teardown()[pri:0, instance:tests.LoginTest@1a451d4d]" started-at="2026-04-28T22:48:21 IST" name="teardown" finished-at="2026-04-28T22:48:21 IST" duration-ms="281" status="PASS">
          <reporter-output>
          </reporter-output>
        </test-method> <!-- teardown -->
        <test-method is-config="true" signature="setup()[pri:0, instance:tests.LoginTest@1a451d4d]" started-at="2026-04-28T22:48:21 IST" name="setup" finished-at="2026-04-28T22:48:22 IST" duration-ms="1692" status="PASS">
          <reporter-output>
          </reporter-output>
        </test-method> <!-- setup -->
        <test-method signature="loginTest(java.lang.String,java.lang.String)[pri:0, instance:tests.LoginTest@1a451d4d]" started-at="2026-04-28T22:48:22 IST" name="loginTest" data-provider="loginData" finished-at="2026-04-28T22:48:23 IST" duration-ms="592" status="PASS">
          <params>
            <param index="0">
              <value>
                <![CDATA[locked_out_user]]>
              </value>
            </param>
            <param index="1">
              <value>
                <![CDATA[secret_sauce]]>
              </value>
            </param>
          </params>
          <reporter-output>
          </reporter-output>
        </test-method> <!-- loginTest -->
        <test-method is-config="true" signature="teardown()[pri:0, instance:tests.LoginTest@1a451d4d]" started-at="2026-04-28T22:48:23 IST" name="teardown" finished-at="2026-04-28T22:48:23 IST" duration-ms="272" status="PASS">
          <reporter-output>
          </reporter-output>
        </test-method> <!-- teardown -->
        <test-method is-config="true" signature="setup()[pri:0, instance:tests.LoginTest@1a451d4d]" started-at="2026-04-28T22:48:23 IST" name="setup" finished-at="2026-04-28T22:48:25 IST" duration-ms="1653" status="PASS">
          <reporter-output>
          </reporter-output>
        </test-method> <!-- setup -->
        <test-method signature="loginTest(java.lang.String,java.lang.String)[pri:0, instance:tests.LoginTest@1a451d4d]" started-at="2026-04-28T22:48:25 IST" name="loginTest" data-provider="loginData" finished-at="2026-04-28T22:48:26 IST" duration-ms="588" status="PASS">
          <params>
            <param index="0">
              <value>
                <![CDATA[invalid_user]]>
              </value>
            </param>
            <param index="1">
              <value>
                <![CDATA[wrong_pass]]>
              </value>
            </param>
          </params>
          <reporter-output>
          </reporter-output>
        </test-method> <!-- loginTest -->
        <test-method is-config="true" signature="teardown()[pri:0, instance:tests.LoginTest@1a451d4d]" started-at="2026-04-28T22:48:26 IST" name="teardown" finished-at="2026-04-28T22:48:26 IST" duration-ms="298" status="PASS">
          <reporter-output>
          </reporter-output>
        </test-method> <!-- teardown -->
      </class> <!-- tests.LoginTest -->
    </test> <!-- Default test -->
  </suite> <!-- Default suite -->
</testng-results>
