<?xml version="1.0" encoding="UTF-8"?>
<testng-results ignored="0" total="3" passed="3" failed="0" skipped="0">
  <reporter-output>
  </reporter-output>
  <suite started-at="2026-04-24T17:42:59 IST" name="Automation Suite" finished-at="2026-04-24T17:43:05 IST" duration-ms="6371">
    <groups>
    </groups>
    <test started-at="2026-04-24T17:42:59 IST" name="Login Tests" finished-at="2026-04-24T17:43:05 IST" duration-ms="6371">
      <class name="tests.LoginTest">
        <test-method is-config="true" signature="setup()[pri:0, instance:tests.LoginTest@393671df]" started-at="2026-04-24T17:42:59 IST" name="setup" finished-at="2026-04-24T17:43:01 IST" duration-ms="2030" status="PASS">
          <reporter-output>
          </reporter-output>
        </test-method> <!-- setup -->
        <test-method signature="openWebsiteTest()[pri:0, instance:tests.LoginTest@393671df]" started-at="2026-04-24T17:43:01 IST" name="openWebsiteTest" finished-at="2026-04-24T17:43:01 IST" duration-ms="74" status="PASS">
          <reporter-output>
          </reporter-output>
        </test-method> <!-- openWebsiteTest -->
        <test-method is-config="true" signature="teardown()[pri:0, instance:tests.LoginTest@393671df]" started-at="2026-04-24T17:43:01 IST" name="teardown" finished-at="2026-04-24T17:43:01 IST" duration-ms="278" status="PASS">
          <reporter-output>
          </reporter-output>
        </test-method> <!-- teardown -->
        <test-method is-config="true" signature="setup()[pri:0, instance:tests.LoginTest@393671df]" started-at="2026-04-24T17:43:01 IST" name="setup" finished-at="2026-04-24T17:43:03 IST" duration-ms="1403" status="PASS">
          <reporter-output>
          </reporter-output>
        </test-method> <!-- setup -->
        <test-method signature="verifyTitle()[pri:0, instance:tests.LoginTest@393671df]" started-at="2026-04-24T17:43:03 IST" name="verifyTitle" finished-at="2026-04-24T17:43:03 IST" duration-ms="30" status="PASS">
          <reporter-output>
          </reporter-output>
        </test-method> <!-- verifyTitle -->
        <test-method is-config="true" signature="teardown()[pri:0, instance:tests.LoginTest@393671df]" started-at="2026-04-24T17:43:03 IST" name="teardown" finished-at="2026-04-24T17:43:03 IST" duration-ms="296" status="PASS">
          <reporter-output>
          </reporter-output>
        </test-method> <!-- teardown -->
        <test-method is-config="true" signature="setup()[pri:0, instance:tests.LoginTest@393671df]" started-at="2026-04-24T17:43:03 IST" name="setup" finished-at="2026-04-24T17:43:05 IST" duration-ms="1864" status="PASS">
          <reporter-output>
          </reporter-output>
        </test-method> <!-- setup -->
        <test-method signature="verifyURL()[pri:0, instance:tests.LoginTest@393671df]" started-at="2026-04-24T17:43:05 IST" name="verifyURL" finished-at="2026-04-24T17:43:05 IST" duration-ms="56" status="PASS">
          <reporter-output>
          </reporter-output>
        </test-method> <!-- verifyURL -->
        <test-method is-config="true" signature="teardown()[pri:0, instance:tests.LoginTest@393671df]" started-at="2026-04-24T17:43:05 IST" name="teardown" finished-at="2026-04-24T17:43:05 IST" duration-ms="273" status="PASS">
          <reporter-output>
          </reporter-output>
        </test-method> <!-- teardown -->
      </class> <!-- tests.LoginTest -->
    </test> <!-- Login Tests -->
  </suite> <!-- Automation Suite -->
</testng-results>
