<?xml version="1.0" encoding="UTF-8"?>
<!-- Generated by org.testng.reporters.JUnitReportReporter -->
<testsuite hostname="Vikram" failures="0" tests="3" name="tests.LoginTest" time="9.311" errors="0" timestamp="2026-04-28T22:48:26 IST" skipped="0">
  <testcase classname="tests.LoginTest" name="loginTest" time="2.676"/>
  <testcase classname="tests.LoginTest" name="loginTest" time="4.122"/>
  <testcase classname="tests.LoginTest" name="loginTest" time="2.513"/>
</testsuite> <!-- tests.LoginTest -->
