<?xml version="1.0" encoding="UTF-8"?>
<!-- Generated by org.testng.reporters.JUnitReportReporter -->
<testsuite hostname="Vikram" failures="0" tests="3" name="tests.LoginTest" time="6.304" errors="0" timestamp="2026-04-24T17:43:05 IST" skipped="0">
  <testcase classname="tests.LoginTest" name="verifyTitle" time="1.706"/>
  <testcase classname="tests.LoginTest" name="verifyURL" time="2.382"/>
  <testcase classname="tests.LoginTest" name="openWebsiteTest" time="2.216"/>
</testsuite> <!-- tests.LoginTest -->
